2026-07-08T19:18:56Z INF Thank you for trying Cloudflare Tunnel. Doing so, without a Cloudflare account, is a quick way to experiment and try it out. However, be aware that these account-less Tunnels have no uptime guarantee, are subject to the Cloudflare Online Services Terms of Use (https://www.cloudflare.com/website-terms/), and Cloudflare reserves the right to investigate your use of Tunnels for violations of such terms. If you intend to use Tunnels in production you should use a pre-created named tunnel by following: https://developers.cloudflare.com/cloudflare-one/connections/connect-apps
2026-07-08T19:18:56Z INF Requesting new quick Tunnel on trycloudflare.com...
2026-07-08T19:19:00Z INF +--------------------------------------------------------------------------------------------+
2026-07-08T19:19:00Z INF |  Your quick Tunnel has been created! Visit it at (it may take some time to be reachable):  |
2026-07-08T19:19:00Z INF |  https://construct-populations-swap-charger.trycloudflare.com                              |
2026-07-08T19:19:00Z INF +--------------------------------------------------------------------------------------------+
2026-07-08T19:19:00Z INF Cannot determine default configuration path. No file [config.yml config.yaml] in [~/.cloudflared ~/.cloudflare-warp ~/cloudflare-warp /etc/cloudflared /usr/local/etc/cloudflared]
2026-07-08T19:19:00Z INF Version 2026.6.1 (Checksum ae6ee90188ae5833c687ce937c3693e28403677607c06c65a2ff2b6a022f50e4)
2026-07-08T19:19:00Z INF GOOS: darwin, GOVersion: go1.26.2, GoArch: arm64
2026-07-08T19:19:00Z INF Settings: map[ha-connections:1 protocol:quic url:http://localhost:8000]
2026-07-08T19:19:00Z INF Autoupdate frequency is set autoupdateFreq=86400000
2026-07-08T19:19:00Z INF Generated Connector ID: 487f341a-5c54-42f6-a779-d42cd3981c62
2026-07-08T19:19:00Z INF Initial protocol quic
2026-07-08T19:19:00Z INF ICMP proxy will use 192.168.1.58 as source for IPv4
2026-07-08T19:19:00Z INF ICMP proxy will use fe80::18f7:aea9:1450:d242 in zone en1 as source for IPv6
2026-07-08T19:19:00Z INF Created ICMP proxy listening on 192.168.1.58:0
2026-07-08T19:19:00Z INF ICMP proxy will use 192.168.1.58 as source for IPv4
2026-07-08T19:19:00Z INF ICMP proxy will use fe80::18f7:aea9:1450:d242 in zone en1 as source for IPv6
2026-07-08T19:19:00Z INF Starting metrics server on 127.0.0.1:20241/metrics
2026-07-08T19:19:00Z INF Tunnel connection curve preferences: [X25519MLKEM768 CurveID(65074) CurveP256] connIndex=0 event=0 ip=2606:4700:a8::5
2026-07-08T19:19:00Z INF Registered tunnel connection connIndex=0 connection=04c7eda9-c1b9-418c-8b4a-3b0ba0dd3362 event=0 ip=2606:4700:a8::5 location=mia08 protocol=quic
2026-07-08T19:19:00Z INF +-------------------------------------------------------------------------------------+
2026-07-08T19:19:00Z INF |                               CONNECTIVITY PRE-CHECKS                               |
2026-07-08T19:19:00Z INF +-------------------------------------------------------------------------------------+
2026-07-08T19:19:00Z INF |  COMPONENT         TARGET                     STATUS  DETAILS                       |
2026-07-08T19:19:00Z INF |  DNS Resolution    region1.v2.argotunnel.com  PASS    DNS Resolved successfully     |
2026-07-08T19:19:00Z INF |  DNS Resolution    region2.v2.argotunnel.com  PASS    DNS Resolved successfully     |
2026-07-08T19:19:00Z INF |  UDP Connectivity  region1.v2.argotunnel.com  PASS    QUIC connection successful    |
2026-07-08T19:19:00Z INF |  UDP Connectivity  region2.v2.argotunnel.com  PASS    QUIC connection successful    |
2026-07-08T19:19:00Z INF |  TCP Connectivity  region1.v2.argotunnel.com  PASS    HTTP/2 connection successful  |
2026-07-08T19:19:00Z INF |  TCP Connectivity  region2.v2.argotunnel.com  PASS    HTTP/2 connection successful  |
2026-07-08T19:19:00Z INF |  Cloudflare API    api.cloudflare.com:443     PASS    API is reachable              |
2026-07-08T19:19:00Z INF |                                                                                     |
2026-07-08T19:19:00Z INF |  SUMMARY: Environment is healthy. cloudflared will use 'quic' as primary protocol.  |
2026-07-08T19:19:00Z INF +-------------------------------------------------------------------------------------+
2026-07-08T19:19:00Z INF precheck component="DNS Resolution" details="DNS Resolved successfully" run_id=eaa688d2-6290-4dc0-ac4f-d4b73c59d1ab status=pass target=region1.v2.argotunnel.com
2026-07-08T19:19:00Z INF precheck component="DNS Resolution" details="DNS Resolved successfully" run_id=eaa688d2-6290-4dc0-ac4f-d4b73c59d1ab status=pass target=region2.v2.argotunnel.com
2026-07-08T19:19:00Z INF precheck component="UDP Connectivity" details="QUIC connection successful" run_id=eaa688d2-6290-4dc0-ac4f-d4b73c59d1ab status=pass target=region1.v2.argotunnel.com
2026-07-08T19:19:00Z INF precheck component="UDP Connectivity" details="QUIC connection successful" run_id=eaa688d2-6290-4dc0-ac4f-d4b73c59d1ab status=pass target=region2.v2.argotunnel.com
2026-07-08T19:19:00Z INF precheck component="TCP Connectivity" details="HTTP/2 connection successful" run_id=eaa688d2-6290-4dc0-ac4f-d4b73c59d1ab status=pass target=region1.v2.argotunnel.com
2026-07-08T19:19:00Z INF precheck component="TCP Connectivity" details="HTTP/2 connection successful" run_id=eaa688d2-6290-4dc0-ac4f-d4b73c59d1ab status=pass target=region2.v2.argotunnel.com
2026-07-08T19:19:00Z INF precheck component="Cloudflare API" details="API is reachable" run_id=eaa688d2-6290-4dc0-ac4f-d4b73c59d1ab status=pass target=api.cloudflare.com:443
2026-07-08T19:19:00Z INF precheck complete hard_fail=false run_id=eaa688d2-6290-4dc0-ac4f-d4b73c59d1ab suggested_protocol=quic
2026-07-08T20:44:06Z ERR Failed to refresh DNS local resolver error="lookup region1.v2.argotunnel.com: i/o timeout"
